[2019-05-03 09:28:47] production.ERROR: file_put_contents(/home/demowork/connexuz/public_html/storage/framework/sessions/IpCTX5dz2F18E27LVTdUEqSazb57ztIm5pE3KHSi): failed to open stream: Permission denied {"exception":"[object] (ErrorException(code: 0): file_put_contents(/home/demowork/connexuz/public_html/storage/framework/sessions/IpCTX5dz2F18E27LVTdUEqSazb57ztIm5pE3KHSi): failed to open stream: Permission denied at /home/demowork/connexuz/public_html/vendor/laravel/framework/src/Illuminate/Filesystem/Filesystem.php:122)
[stacktrace]
#0 [internal function]: Illuminate\\Foundation\\Bootstrap\\HandleExceptions->handleError(2, 'file_put_conten...', '/home/demowork/...', 122, Array)
#1 /home/demowork/connexuz/public_html/vendor/laravel/framework/src/Illuminate/Filesystem/Filesystem.php(122): file_put_contents('/home/demowork/...', 'a:3:{s:6:\"_toke...', 2)
#2 /home/demowork/connexuz/public_html/vendor/laravel/framework/src/Illuminate/Session/FileSessionHandler.php(83): Illuminate\\Filesystem\\Filesystem->put('/home/demowork/...', 'a:3:{s:6:\"_toke...', true)
#3 /home/demowork/connexuz/public_html/vendor/laravel/framework/src/Illuminate/Session/Store.php(129): Illuminate\\Session\\FileSessionHandler->write('IpCTX5dz2F18E27...', 'a:3:{s:6:\"_toke...')
#4 /home/demowork/connexuz/public_html/vendor/laravel/framework/src/Illuminate/Session/Middleware/StartSession.php(87): Illuminate\\Session\\Store->save()
#5 /home/demowork/connexuz/public_html/vendor/laravel/framework/src/Illuminate/Foundation/Http/Kernel.php(218): Illuminate\\Session\\Middleware\\StartSession->terminate(Object(Illuminate\\Http\\Request), Object(Illuminate\\Http\\Response))
#6 /home/demowork/connexuz/public_html/vendor/laravel/framework/src/Illuminate/Foundation/Http/Kernel.php(189): Illuminate\\Foundation\\Http\\Kernel->terminateMiddleware(Object(Illuminate\\Http\\Request), Object(Illuminate\\Http\\Response))
#7 /home/demowork/connexuz/public_html/public/index.php(58): Illuminate\\Foundation\\Http\\Kernel->terminate(Object(Illuminate\\Http\\Request), Object(Illuminate\\Http\\Response))
#8 {main}
"} 
[2019-05-03 09:28:54] production.ERROR: file_put_contents(/home/demowork/connexuz/public_html/storage/framework/sessions/IpCTX5dz2F18E27LVTdUEqSazb57ztIm5pE3KHSi): failed to open stream: Permission denied {"exception":"[object] (ErrorException(code: 0): file_put_contents(/home/demowork/connexuz/public_html/storage/framework/sessions/IpCTX5dz2F18E27LVTdUEqSazb57ztIm5pE3KHSi): failed to open stream: Permission denied at /home/demowork/connexuz/public_html/vendor/laravel/framework/src/Illuminate/Filesystem/Filesystem.php:122)
[stacktrace]
#0 [internal function]: Illuminate\\Foundation\\Bootstrap\\HandleExceptions->handleError(2, 'file_put_conten...', '/home/demowork/...', 122, Array)
#1 /home/demowork/connexuz/public_html/vendor/laravel/framework/src/Illuminate/Filesystem/Filesystem.php(122): file_put_contents('/home/demowork/...', 'a:3:{s:6:\"_toke...', 2)
#2 /home/demowork/connexuz/public_html/vendor/laravel/framework/src/Illuminate/Session/FileSessionHandler.php(83): Illuminate\\Filesystem\\Filesystem->put('/home/demowork/...', 'a:3:{s:6:\"_toke...', true)
#3 /home/demowork/connexuz/public_html/vendor/laravel/framework/src/Illuminate/Session/Store.php(129): Illuminate\\Session\\FileSessionHandler->write('IpCTX5dz2F18E27...', 'a:3:{s:6:\"_toke...')
#4 /home/demowork/connexuz/public_html/vendor/laravel/framework/src/Illuminate/Session/Middleware/StartSession.php(87): Illuminate\\Session\\Store->save()
#5 /home/demowork/connexuz/public_html/vendor/laravel/framework/src/Illuminate/Foundation/Http/Kernel.php(218): Illuminate\\Session\\Middleware\\StartSession->terminate(Object(Illuminate\\Http\\Request), Object(Illuminate\\Http\\Response))
#6 /home/demowork/connexuz/public_html/vendor/laravel/framework/src/Illuminate/Foundation/Http/Kernel.php(189): Illuminate\\Foundation\\Http\\Kernel->terminateMiddleware(Object(Illuminate\\Http\\Request), Object(Illuminate\\Http\\Response))
#7 /home/demowork/connexuz/public_html/public/index.php(58): Illuminate\\Foundation\\Http\\Kernel->terminate(Object(Illuminate\\Http\\Request), Object(Illuminate\\Http\\Response))
#8 {main}
"} 
[2019-05-03 09:28:57] production.ERROR: file_put_contents(/home/demowork/connexuz/public_html/storage/framework/sessions/IpCTX5dz2F18E27LVTdUEqSazb57ztIm5pE3KHSi): failed to open stream: Permission denied {"exception":"[object] (ErrorException(code: 0): file_put_contents(/home/demowork/connexuz/public_html/storage/framework/sessions/IpCTX5dz2F18E27LVTdUEqSazb57ztIm5pE3KHSi): failed to open stream: Permission denied at /home/demowork/connexuz/public_html/vendor/laravel/framework/src/Illuminate/Filesystem/Filesystem.php:122)
[stacktrace]
#0 [internal function]: Illuminate\\Foundation\\Bootstrap\\HandleExceptions->handleError(2, 'file_put_conten...', '/home/demowork/...', 122, Array)
#1 /home/demowork/connexuz/public_html/vendor/laravel/framework/src/Illuminate/Filesystem/Filesystem.php(122): file_put_contents('/home/demowork/...', 'a:3:{s:6:\"_toke...', 2)
#2 /home/demowork/connexuz/public_html/vendor/laravel/framework/src/Illuminate/Session/FileSessionHandler.php(83): Illuminate\\Filesystem\\Filesystem->put('/home/demowork/...', 'a:3:{s:6:\"_toke...', true)
#3 /home/demowork/connexuz/public_html/vendor/laravel/framework/src/Illuminate/Session/Store.php(129): Illuminate\\Session\\FileSessionHandler->write('IpCTX5dz2F18E27...', 'a:3:{s:6:\"_toke...')
#4 /home/demowork/connexuz/public_html/vendor/laravel/framework/src/Illuminate/Session/Middleware/StartSession.php(87): Illuminate\\Session\\Store->save()
#5 /home/demowork/connexuz/public_html/vendor/laravel/framework/src/Illuminate/Foundation/Http/Kernel.php(218): Illuminate\\Session\\Middleware\\StartSession->terminate(Object(Illuminate\\Http\\Request), Object(Illuminate\\Http\\Response))
#6 /home/demowork/connexuz/public_html/vendor/laravel/framework/src/Illuminate/Foundation/Http/Kernel.php(189): Illuminate\\Foundation\\Http\\Kernel->terminateMiddleware(Object(Illuminate\\Http\\Request), Object(Illuminate\\Http\\Response))
#7 /home/demowork/connexuz/public_html/public/index.php(58): Illuminate\\Foundation\\Http\\Kernel->terminate(Object(Illuminate\\Http\\Request), Object(Illuminate\\Http\\Response))
#8 {main}
"} 
[2019-05-03 09:31:01] production.ERROR: file_put_contents(/home/demowork/connexuz/public_html/storage/framework/sessions/IpCTX5dz2F18E27LVTdUEqSazb57ztIm5pE3KHSi): failed to open stream: Permission denied {"exception":"[object] (ErrorException(code: 0): file_put_contents(/home/demowork/connexuz/public_html/storage/framework/sessions/IpCTX5dz2F18E27LVTdUEqSazb57ztIm5pE3KHSi): failed to open stream: Permission denied at /home/demowork/connexuz/public_html/vendor/laravel/framework/src/Illuminate/Filesystem/Filesystem.php:122)
[stacktrace]
#0 [internal function]: Illuminate\\Foundation\\Bootstrap\\HandleExceptions->handleError(2, 'file_put_conten...', '/home/demowork/...', 122, Array)
#1 /home/demowork/connexuz/public_html/vendor/laravel/framework/src/Illuminate/Filesystem/Filesystem.php(122): file_put_contents('/home/demowork/...', 'a:3:{s:6:\"_toke...', 2)
#2 /home/demowork/connexuz/public_html/vendor/laravel/framework/src/Illuminate/Session/FileSessionHandler.php(83): Illuminate\\Filesystem\\Filesystem->put('/home/demowork/...', 'a:3:{s:6:\"_toke...', true)
#3 /home/demowork/connexuz/public_html/vendor/laravel/framework/src/Illuminate/Session/Store.php(129): Illuminate\\Session\\FileSessionHandler->write('IpCTX5dz2F18E27...', 'a:3:{s:6:\"_toke...')
#4 /home/demowork/connexuz/public_html/vendor/laravel/framework/src/Illuminate/Session/Middleware/StartSession.php(87): Illuminate\\Session\\Store->save()
#5 /home/demowork/connexuz/public_html/vendor/laravel/framework/src/Illuminate/Foundation/Http/Kernel.php(218): Illuminate\\Session\\Middleware\\StartSession->terminate(Object(Illuminate\\Http\\Request), Object(Illuminate\\Http\\Response))
#6 /home/demowork/connexuz/public_html/vendor/laravel/framework/src/Illuminate/Foundation/Http/Kernel.php(189): Illuminate\\Foundation\\Http\\Kernel->terminateMiddleware(Object(Illuminate\\Http\\Request), Object(Illuminate\\Http\\Response))
#7 /home/demowork/connexuz/public_html/public/index.php(58): Illuminate\\Foundation\\Http\\Kernel->terminate(Object(Illuminate\\Http\\Request), Object(Illuminate\\Http\\Response))
#8 {main}
"} 
[2019-05-03 09:31:03] production.ERROR: file_put_contents(/home/demowork/connexuz/public_html/storage/framework/sessions/IpCTX5dz2F18E27LVTdUEqSazb57ztIm5pE3KHSi): failed to open stream: Permission denied {"exception":"[object] (ErrorException(code: 0): file_put_contents(/home/demowork/connexuz/public_html/storage/framework/sessions/IpCTX5dz2F18E27LVTdUEqSazb57ztIm5pE3KHSi): failed to open stream: Permission denied at /home/demowork/connexuz/public_html/vendor/laravel/framework/src/Illuminate/Filesystem/Filesystem.php:122)
[stacktrace]
#0 [internal function]: Illuminate\\Foundation\\Bootstrap\\HandleExceptions->handleError(2, 'file_put_conten...', '/home/demowork/...', 122, Array)
#1 /home/demowork/connexuz/public_html/vendor/laravel/framework/src/Illuminate/Filesystem/Filesystem.php(122): file_put_contents('/home/demowork/...', 'a:3:{s:6:\"_toke...', 2)
#2 /home/demowork/connexuz/public_html/vendor/laravel/framework/src/Illuminate/Session/FileSessionHandler.php(83): Illuminate\\Filesystem\\Filesystem->put('/home/demowork/...', 'a:3:{s:6:\"_toke...', true)
#3 /home/demowork/connexuz/public_html/vendor/laravel/framework/src/Illuminate/Session/Store.php(129): Illuminate\\Session\\FileSessionHandler->write('IpCTX5dz2F18E27...', 'a:3:{s:6:\"_toke...')
#4 /home/demowork/connexuz/public_html/vendor/laravel/framework/src/Illuminate/Session/Middleware/StartSession.php(87): Illuminate\\Session\\Store->save()
#5 /home/demowork/connexuz/public_html/vendor/laravel/framework/src/Illuminate/Foundation/Http/Kernel.php(218): Illuminate\\Session\\Middleware\\StartSession->terminate(Object(Illuminate\\Http\\Request), Object(Illuminate\\Http\\Response))
#6 /home/demowork/connexuz/public_html/vendor/laravel/framework/src/Illuminate/Foundation/Http/Kernel.php(189): Illuminate\\Foundation\\Http\\Kernel->terminateMiddleware(Object(Illuminate\\Http\\Request), Object(Illuminate\\Http\\Response))
#7 /home/demowork/connexuz/public_html/public/index.php(58): Illuminate\\Foundation\\Http\\Kernel->terminate(Object(Illuminate\\Http\\Request), Object(Illuminate\\Http\\Response))
#8 {main}
"} 
[2019-05-03 09:36:37] production.ERROR: file_put_contents(/home/demowork/connexuz/public_html/storage/framework/sessions/rgcFoWy9jMwQ4cPF2e9gH91awftFQIKZU9ja6FXa): failed to open stream: Permission denied {"exception":"[object] (ErrorException(code: 0): file_put_contents(/home/demowork/connexuz/public_html/storage/framework/sessions/rgcFoWy9jMwQ4cPF2e9gH91awftFQIKZU9ja6FXa): failed to open stream: Permission denied at /home/demowork/connexuz/public_html/vendor/laravel/framework/src/Illuminate/Filesystem/Filesystem.php:122)
[stacktrace]
#0 [internal function]: Illuminate\\Foundation\\Bootstrap\\HandleExceptions->handleError(2, 'file_put_conten...', '/home/demowork/...', 122, Array)
#1 /home/demowork/connexuz/public_html/vendor/laravel/framework/src/Illuminate/Filesystem/Filesystem.php(122): file_put_contents('/home/demowork/...', 'a:4:{s:6:\"_toke...', 2)
#2 /home/demowork/connexuz/public_html/vendor/laravel/framework/src/Illuminate/Session/FileSessionHandler.php(83): Illuminate\\Filesystem\\Filesystem->put('/home/demowork/...', 'a:4:{s:6:\"_toke...', true)
#3 /home/demowork/connexuz/public_html/vendor/laravel/framework/src/Illuminate/Session/Store.php(129): Illuminate\\Session\\FileSessionHandler->write('rgcFoWy9jMwQ4cP...', 'a:4:{s:6:\"_toke...')
#4 /home/demowork/connexuz/public_html/vendor/laravel/framework/src/Illuminate/Session/Middleware/StartSession.php(87): Illuminate\\Session\\Store->save()
#5 /home/demowork/connexuz/public_html/vendor/laravel/framework/src/Illuminate/Foundation/Http/Kernel.php(218): Illuminate\\Session\\Middleware\\StartSession->terminate(Object(Illuminate\\Http\\Request), Object(Illuminate\\Http\\RedirectResponse))
#6 /home/demowork/connexuz/public_html/vendor/laravel/framework/src/Illuminate/Foundation/Http/Kernel.php(189): Illuminate\\Foundation\\Http\\Kernel->terminateMiddleware(Object(Illuminate\\Http\\Request), Object(Illuminate\\Http\\RedirectResponse))
#7 /home/demowork/connexuz/public_html/public/index.php(58): Illuminate\\Foundation\\Http\\Kernel->terminate(Object(Illuminate\\Http\\Request), Object(Illuminate\\Http\\RedirectResponse))
#8 {main}
"} 
[2019-05-03 09:36:39] production.ERROR: file_put_contents(/home/demowork/connexuz/public_html/storage/framework/sessions/rgcFoWy9jMwQ4cPF2e9gH91awftFQIKZU9ja6FXa): failed to open stream: Permission denied {"exception":"[object] (ErrorException(code: 0): file_put_contents(/home/demowork/connexuz/public_html/storage/framework/sessions/rgcFoWy9jMwQ4cPF2e9gH91awftFQIKZU9ja6FXa): failed to open stream: Permission denied at /home/demowork/connexuz/public_html/vendor/laravel/framework/src/Illuminate/Filesystem/Filesystem.php:122)
[stacktrace]
#0 [internal function]: Illuminate\\Foundation\\Bootstrap\\HandleExceptions->handleError(2, 'file_put_conten...', '/home/demowork/...', 122, Array)
#1 /home/demowork/connexuz/public_html/vendor/laravel/framework/src/Illuminate/Filesystem/Filesystem.php(122): file_put_contents('/home/demowork/...', 'a:3:{s:6:\"_toke...', 2)
#2 /home/demowork/connexuz/public_html/vendor/laravel/framework/src/Illuminate/Session/FileSessionHandler.php(83): Illuminate\\Filesystem\\Filesystem->put('/home/demowork/...', 'a:3:{s:6:\"_toke...', true)
#3 /home/demowork/connexuz/public_html/vendor/laravel/framework/src/Illuminate/Session/Store.php(129): Illuminate\\Session\\FileSessionHandler->write('rgcFoWy9jMwQ4cP...', 'a:3:{s:6:\"_toke...')
#4 /home/demowork/connexuz/public_html/vendor/laravel/framework/src/Illuminate/Session/Middleware/StartSession.php(87): Illuminate\\Session\\Store->save()
#5 /home/demowork/connexuz/public_html/vendor/laravel/framework/src/Illuminate/Foundation/Http/Kernel.php(218): Illuminate\\Session\\Middleware\\StartSession->terminate(Object(Illuminate\\Http\\Request), Object(Illuminate\\Http\\Response))
#6 /home/demowork/connexuz/public_html/vendor/laravel/framework/src/Illuminate/Foundation/Http/Kernel.php(189): Illuminate\\Foundation\\Http\\Kernel->terminateMiddleware(Object(Illuminate\\Http\\Request), Object(Illuminate\\Http\\Response))
#7 /home/demowork/connexuz/public_html/public/index.php(58): Illuminate\\Foundation\\Http\\Kernel->terminate(Object(Illuminate\\Http\\Request), Object(Illuminate\\Http\\Response))
#8 {main}
"} 
[2019-05-03 09:42:25] production.INFO: User Logged In: Admin Istrator  
[2019-05-03 09:42:29] production.INFO: User Logged Out: Admin Istrator  
