[2019-05-02 00:15:58] production.ERROR: file_put_contents(/home/demowork/connexuz/public_html/storage/framework/sessions/tfDf6TlmnmYUWtIHYDC3uVB1jQAuS5YsEgFOzcvC): failed to open stream: Permission denied {"exception":"[object] (ErrorException(code: 0): file_put_contents(/home/demowork/connexuz/public_html/storage/framework/sessions/tfDf6TlmnmYUWtIHYDC3uVB1jQAuS5YsEgFOzcvC): failed to open stream: Permission denied at /home/demowork/connexuz/public_html/vendor/laravel/framework/src/Illuminate/Filesystem/Filesystem.php:122)
[stacktrace]
#0 [internal function]: Illuminate\\Foundation\\Bootstrap\\HandleExceptions->handleError(2, 'file_put_conten...', '/home/demowork/...', 122, Array)
#1 /home/demowork/connexuz/public_html/vendor/laravel/framework/src/Illuminate/Filesystem/Filesystem.php(122): file_put_contents('/home/demowork/...', 'a:3:{s:6:\"_toke...', 2)
#2 /home/demowork/connexuz/public_html/vendor/laravel/framework/src/Illuminate/Session/FileSessionHandler.php(83): Illuminate\\Filesystem\\Filesystem->put('/home/demowork/...', 'a:3:{s:6:\"_toke...', true)
#3 /home/demowork/connexuz/public_html/vendor/laravel/framework/src/Illuminate/Session/Store.php(129): Illuminate\\Session\\FileSessionHandler->write('tfDf6TlmnmYUWtI...', 'a:3:{s:6:\"_toke...')
#4 /home/demowork/connexuz/public_html/vendor/laravel/framework/src/Illuminate/Session/Middleware/StartSession.php(87): Illuminate\\Session\\Store->save()
#5 /home/demowork/connexuz/public_html/vendor/laravel/framework/src/Illuminate/Foundation/Http/Kernel.php(218): Illuminate\\Session\\Middleware\\StartSession->terminate(Object(Illuminate\\Http\\Request), Object(Illuminate\\Http\\Response))
#6 /home/demowork/connexuz/public_html/vendor/laravel/framework/src/Illuminate/Foundation/Http/Kernel.php(189): Illuminate\\Foundation\\Http\\Kernel->terminateMiddleware(Object(Illuminate\\Http\\Request), Object(Illuminate\\Http\\Response))
#7 /home/demowork/connexuz/public_html/public/index.php(58): Illuminate\\Foundation\\Http\\Kernel->terminate(Object(Illuminate\\Http\\Request), Object(Illuminate\\Http\\Response))
#8 {main}
"} 
[2019-05-02 15:37:09] production.ERROR: file_put_contents(/home/demowork/connexuz/public_html/storage/framework/sessions/ZyabksH4Hva3LZIN5l53qtZlzNkSeE3ssvncVcHx): failed to open stream: Permission denied {"exception":"[object] (ErrorException(code: 0): file_put_contents(/home/demowork/connexuz/public_html/storage/framework/sessions/ZyabksH4Hva3LZIN5l53qtZlzNkSeE3ssvncVcHx): failed to open stream: Permission denied at /home/demowork/connexuz/public_html/vendor/laravel/framework/src/Illuminate/Filesystem/Filesystem.php:122)
[stacktrace]
#0 [internal function]: Illuminate\\Foundation\\Bootstrap\\HandleExceptions->handleError(2, 'file_put_conten...', '/home/demowork/...', 122, Array)
#1 /home/demowork/connexuz/public_html/vendor/laravel/framework/src/Illuminate/Filesystem/Filesystem.php(122): file_put_contents('/home/demowork/...', 'a:3:{s:6:\"_toke...', 2)
#2 /home/demowork/connexuz/public_html/vendor/laravel/framework/src/Illuminate/Session/FileSessionHandler.php(83): Illuminate\\Filesystem\\Filesystem->put('/home/demowork/...', 'a:3:{s:6:\"_toke...', true)
#3 /home/demowork/connexuz/public_html/vendor/laravel/framework/src/Illuminate/Session/Store.php(129): Illuminate\\Session\\FileSessionHandler->write('ZyabksH4Hva3LZI...', 'a:3:{s:6:\"_toke...')
#4 /home/demowork/connexuz/public_html/vendor/laravel/framework/src/Illuminate/Session/Middleware/StartSession.php(87): Illuminate\\Session\\Store->save()
#5 /home/demowork/connexuz/public_html/vendor/laravel/framework/src/Illuminate/Foundation/Http/Kernel.php(218): Illuminate\\Session\\Middleware\\StartSession->terminate(Object(Illuminate\\Http\\Request), Object(Illuminate\\Http\\Response))
#6 /home/demowork/connexuz/public_html/vendor/laravel/framework/src/Illuminate/Foundation/Http/Kernel.php(189): Illuminate\\Foundation\\Http\\Kernel->terminateMiddleware(Object(Illuminate\\Http\\Request), Object(Illuminate\\Http\\Response))
#7 /home/demowork/connexuz/public_html/public/index.php(58): Illuminate\\Foundation\\Http\\Kernel->terminate(Object(Illuminate\\Http\\Request), Object(Illuminate\\Http\\Response))
#8 {main}
"} 
[2019-05-02 18:58:55] production.ERROR: file_put_contents(/home/demowork/connexuz/public_html/storage/framework/sessions/l730CVpMHxYIihunNL3KZzv82BA8Gn6KmKjZF6He): failed to open stream: Permission denied {"exception":"[object] (ErrorException(code: 0): file_put_contents(/home/demowork/connexuz/public_html/storage/framework/sessions/l730CVpMHxYIihunNL3KZzv82BA8Gn6KmKjZF6He): failed to open stream: Permission denied at /home/demowork/connexuz/public_html/vendor/laravel/framework/src/Illuminate/Filesystem/Filesystem.php:122)
[stacktrace]
#0 [internal function]: Illuminate\\Foundation\\Bootstrap\\HandleExceptions->handleError(2, 'file_put_conten...', '/home/demowork/...', 122, Array)
#1 /home/demowork/connexuz/public_html/vendor/laravel/framework/src/Illuminate/Filesystem/Filesystem.php(122): file_put_contents('/home/demowork/...', 'a:3:{s:6:\"_toke...', 2)
#2 /home/demowork/connexuz/public_html/vendor/laravel/framework/src/Illuminate/Session/FileSessionHandler.php(83): Illuminate\\Filesystem\\Filesystem->put('/home/demowork/...', 'a:3:{s:6:\"_toke...', true)
#3 /home/demowork/connexuz/public_html/vendor/laravel/framework/src/Illuminate/Session/Store.php(129): Illuminate\\Session\\FileSessionHandler->write('l730CVpMHxYIihu...', 'a:3:{s:6:\"_toke...')
#4 /home/demowork/connexuz/public_html/vendor/laravel/framework/src/Illuminate/Session/Middleware/StartSession.php(87): Illuminate\\Session\\Store->save()
#5 /home/demowork/connexuz/public_html/vendor/laravel/framework/src/Illuminate/Foundation/Http/Kernel.php(218): Illuminate\\Session\\Middleware\\StartSession->terminate(Object(Illuminate\\Http\\Request), Object(Illuminate\\Http\\Response))
#6 /home/demowork/connexuz/public_html/vendor/laravel/framework/src/Illuminate/Foundation/Http/Kernel.php(189): Illuminate\\Foundation\\Http\\Kernel->terminateMiddleware(Object(Illuminate\\Http\\Request), Object(Illuminate\\Http\\Response))
#7 /home/demowork/connexuz/public_html/public/index.php(58): Illuminate\\Foundation\\Http\\Kernel->terminate(Object(Illuminate\\Http\\Request), Object(Illuminate\\Http\\Response))
#8 {main}
"} 
[2019-05-02 19:59:55] production.ERROR: file_put_contents(/home/demowork/connexuz/public_html/storage/framework/sessions/XqWcLJtbFL5ZX1wY1rwPH5S8mWM2xgbkaYIkbqgQ): failed to open stream: Permission denied {"exception":"[object] (ErrorException(code: 0): file_put_contents(/home/demowork/connexuz/public_html/storage/framework/sessions/XqWcLJtbFL5ZX1wY1rwPH5S8mWM2xgbkaYIkbqgQ): failed to open stream: Permission denied at /home/demowork/connexuz/public_html/vendor/laravel/framework/src/Illuminate/Filesystem/Filesystem.php:122)
[stacktrace]
#0 [internal function]: Illuminate\\Foundation\\Bootstrap\\HandleExceptions->handleError(2, 'file_put_conten...', '/home/demowork/...', 122, Array)
#1 /home/demowork/connexuz/public_html/vendor/laravel/framework/src/Illuminate/Filesystem/Filesystem.php(122): file_put_contents('/home/demowork/...', 'a:3:{s:6:\"_toke...', 2)
#2 /home/demowork/connexuz/public_html/vendor/laravel/framework/src/Illuminate/Session/FileSessionHandler.php(83): Illuminate\\Filesystem\\Filesystem->put('/home/demowork/...', 'a:3:{s:6:\"_toke...', true)
#3 /home/demowork/connexuz/public_html/vendor/laravel/framework/src/Illuminate/Session/Store.php(129): Illuminate\\Session\\FileSessionHandler->write('XqWcLJtbFL5ZX1w...', 'a:3:{s:6:\"_toke...')
#4 /home/demowork/connexuz/public_html/vendor/laravel/framework/src/Illuminate/Session/Middleware/StartSession.php(87): Illuminate\\Session\\Store->save()
#5 /home/demowork/connexuz/public_html/vendor/laravel/framework/src/Illuminate/Foundation/Http/Kernel.php(218): Illuminate\\Session\\Middleware\\StartSession->terminate(Object(Illuminate\\Http\\Request), Object(Illuminate\\Http\\Response))
#6 /home/demowork/connexuz/public_html/vendor/laravel/framework/src/Illuminate/Foundation/Http/Kernel.php(189): Illuminate\\Foundation\\Http\\Kernel->terminateMiddleware(Object(Illuminate\\Http\\Request), Object(Illuminate\\Http\\Response))
#7 /home/demowork/connexuz/public_html/public/index.php(58): Illuminate\\Foundation\\Http\\Kernel->terminate(Object(Illuminate\\Http\\Request), Object(Illuminate\\Http\\Response))
#8 {main}
"} 
